{"logTime": "1017/160013", "correlationVector":"BeYLcA9mF9yoF1P5+hNLVu.1","action":"SyncServerConnectionManagerRequest", "result":"SYNC_SERVER_OK", "context":{"environment":"Prod_SoutheastAsia_000j", "migrationStage":"NotStarted", "server":"GENERAL03000020"}}
{"logTime": "1017/160014", "correlationVector":"H54gwsr/n7hakOn+ibPwEE","action":"SyncServerConnectionManagerRequest", "result":"SYNC_SERVER_OK", "context":{"environment":"", "migrationStage":"", "server":""}}
{"logTime": "1017/160014", "correlationVector":"BeYLcA9mF9yoF1P5+hNLVu","action":"Initial GetUpdates", "result":"", "context":Reason: NEW_CLIENT. cV=BeYLcA9mF9yoF1P5+hNLVu}
{"logTime": "1017/160014", "correlationVector":"BeYLcA9mF9yoF1P5+hNLVu.2","action":"GetUpdates Response", "result":"Success", "context":Received 1 update(s). cV=BeYLcA9mF9yoF1P5+hNLVu.0;server=GENERAL03000020;cloudType=Consumer;environment=Prod_SoutheastAsia_000j;migrationStage=NotStarted}
{"logTime": "1017/160014", "correlationVector":"9ppstgzfSe1pTDj944XzGY","action":"Initial GetUpdates", "result":"", "context":Reason: NEWLY_SUPPORTED_DATATYPE. cV=9ppstgzfSe1pTDj944XzGY}
{"logTime": "1017/160015", "correlationVector":"9ppstgzfSe1pTDj944XzGY.1","action":"SyncServerConnectionManagerRequest", "result":"SYNC_SERVER_OK", "context":{"environment":"Prod_SoutheastAsia_000j", "migrationStage":"NotStarted", "server":"GENERAL03000004"}}
{"logTime": "1017/160015", "correlationVector":"9ppstgzfSe1pTDj944XzGY.2","action":"GetUpdates Response", "result":"Success", "context":Received 52 update(s). cV=9ppstgzfSe1pTDj944XzGY.0;server=GENERAL03000004;cloudType=Consumer;environment=Prod_SoutheastAsia_000j;migrationStage=NotStarted}
{"logTime": "1017/160015", "correlationVector":"et6m01OhX1k76Z7lcUHbOf","action":"Initial GetUpdates", "result":"", "context":Reason: NEWLY_SUPPORTED_DATATYPE. cV=et6m01OhX1k76Z7lcUHbOf}
{"logTime": "1017/160015", "correlationVector":"et6m01OhX1k76Z7lcUHbOf.1","action":"SyncServerConnectionManagerRequest", "result":"SYNC_SERVER_OK", "context":{"environment":"Prod_SoutheastAsia_000j", "migrationStage":"NotStarted", "server":"GENERAL0300000Z"}}
{"logTime": "1017/160015", "correlationVector":"et6m01OhX1k76Z7lcUHbOf.2","action":"GetUpdates", "result":"DeleteReceived", "context":{"id":"23c77aa1-eb36-4f09-8e1e-51069e4e2fbc", "isDeleted:":"true", "version":"1727997504466"}}
{"logTime": "1017/160015", "correlationVector":"et6m01OhX1k76Z7lcUHbOf.3","action":"GetUpdates Response", "result":"Success", "context":Received 9 update(s). cV=et6m01OhX1k76Z7lcUHbOf.0;server=GENERAL0300000Z;cloudType=Consumer;environment=Prod_SoutheastAsia_000j;migrationStage=NotStarted}
{"logTime": "1017/160015", "correlationVector":"aZXwj12LyzNw8tJoxFbn77","action":"Initial GetUpdates", "result":"", "context":Reason: NEWLY_SUPPORTED_DATATYPE. cV=aZXwj12LyzNw8tJoxFbn77}
{"logTime": "1017/160016", "correlationVector":"aZXwj12LyzNw8tJoxFbn77.1","action":"SyncServerConnectionManagerRequest", "result":"SYNC_SERVER_OK", "context":{"environment":"Prod_SoutheastAsia_000j", "migrationStage":"NotStarted", "server":"GENERAL0100000P"}}
{"logTime": "1017/160016", "correlationVector":"aZXwj12LyzNw8tJoxFbn77.2","action":"GetUpdates", "result":"DeleteReceived", "context":{"id":"387b0952-79ce-41b3-9def-106877e43f37", "isDeleted:":"true", "version":"1721827161538"}}
{"logTime": "1017/160016", "correlationVector":"aZXwj12LyzNw8tJoxFbn77.3","action":"GetUpdates", "result":"DeleteReceived", "context":{"id":"0266c836-690d-4f2f-8044-a6811223b59f", "isDeleted:":"true", "version":"1721828071072"}}
{"logTime": "1017/160016", "correlationVector":"aZXwj12LyzNw8tJoxFbn77.4","action":"GetUpdates", "result":"DeleteReceived", "context":{"id":"d1be5142-4aad-4f23-85e9-eb12a4d1f4f1", "isDeleted:":"true", "version":"1721839545810"}}
{"logTime": "1017/160016", "correlationVector":"aZXwj12LyzNw8tJoxFbn77.5","action":"GetUpdates", "result":"DeleteReceived", "context":{"id":"bb7b5c76-2d4e-4a64-8fdc-b0e4e0c372c8", "isDeleted:":"true", "version":"1721839545811"}}
{"logTime": "1017/160016", "correlationVector":"aZXwj12LyzNw8tJoxFbn77.6","action":"GetUpdates", "result":"DeleteReceived", "context":{"id":"fa429880-c958-4436-90e1-c20bfbded131", "isDeleted:":"true", "version":"1721849193941"}}
{"logTime": "1017/160016", "correlationVector":"aZXwj12LyzNw8tJoxFbn77.7","action":"GetUpdates", "result":"DeleteReceived", "context":{"id":"5558b16d-9f5f-4151-9a38-b755a10c35d6", "isDeleted:":"true", "version":"1721850221804"}}
{"logTime": "1017/160016", "correlationVector":"aZXwj12LyzNw8tJoxFbn77.8","action":"GetUpdates", "result":"DeleteReceived", "context":{"id":"d063ce7a-f2e1-473a-9d48-085acf72b911", "isDeleted:":"true", "version":"1721850412662"}}
{"logTime": "1017/160016", "correlationVector":"aZXwj12LyzNw8tJoxFbn77.9","action":"GetUpdates", "result":"DeleteReceived", "context":{"id":"53cea744-ed41-4248-afae-aa9e0c3aaf3e", "isDeleted:":"true", "version":"1721852306999"}}
{"logTime": "1017/160016", "correlationVector":"aZXwj12LyzNw8tJoxFbn77.10","action":"GetUpdates", "result":"DeleteReceived", "context":{"id":"9beef9f1-15d6-4b79-8ede-b0ef018f350d", "isDeleted:":"true", "version":"1721852307000"}}
{"logTime": "1017/160016", "correlationVector":"aZXwj12LyzNw8tJoxFbn77.11","action":"GetUpdates", "result":"DeleteReceived", "context":{"id":"c9b11910-cea5-4900-aaf1-4fdc5bc2bbcb", "isDeleted:":"true", "version":"1721870256126"}}
{"logTime": "1017/160016", "correlationVector":"aZXwj12LyzNw8tJoxFbn77.12","action":"GetUpdates", "result":"DeleteReceived", "context":{"id":"5194fbe8-b373-4454-814b-247694061a05", "isDeleted:":"true", "version":"1721870256127"}}
{"logTime": "1017/160016", "correlationVector":"aZXwj12LyzNw8tJoxFbn77.13","action":"GetUpdates", "result":"DeleteReceived", "context":{"id":"ad1ce00b-e1a2-4d4c-9947-54ff5968732f", "isDeleted:":"true", "version":"1721870256128"}}
{"logTime": "1017/160016", "correlationVector":"aZXwj12LyzNw8tJoxFbn77.14","action":"GetUpdates", "result":"DeleteReceived", "context":{"id":"bb41934f-bd96-4fa8-8609-12210cd9ca0d", "isDeleted:":"true", "version":"1721870256130"}}
{"logTime": "1017/160016", "correlationVector":"aZXwj12LyzNw8tJoxFbn77.15","action":"GetUpdates", "result":"DeleteReceived", "context":{"id":"30b6596d-05ac-4ba3-ad6c-00dab8d5c134", "isDeleted:":"true", "version":"1721870256133"}}
{"logTime": "1017/160016", "correlationVector":"aZXwj12LyzNw8tJoxFbn77.16","action":"GetUpdates", "result":"DeleteReceived", "context":{"id":"417ff8ec-3f58-4b72-a0e7-90ae5817650c", "isDeleted:":"true", "version":"1721870256134"}}
{"logTime": "1017/160016", "correlationVector":"aZXwj12LyzNw8tJoxFbn77.17","action":"GetUpdates", "result":"DeleteReceived", "context":{"id":"d346f5c2-58b3-473d-9e71-58986094f8a5", "isDeleted:":"true", "version":"1721901704905"}}
{"logTime": "1017/160016", "correlationVector":"aZXwj12LyzNw8tJoxFbn77.18","action":"GetUpdates", "result":"DeleteReceived", "context":{"id":"f489611b-1e0a-4d89-9a3f-94cdfa89df4b", "isDeleted:":"true", "version":"1721901704907"}}
{"logTime": "1017/160016", "correlationVector":"aZXwj12LyzNw8tJoxFbn77.19","action":"GetUpdates", "result":"DeleteReceived", "context":{"id":"37e45a97-a69a-4070-8802-5ef1f91b1be8", "isDeleted:":"true", "version":"1721901704908"}}
{"logTime": "1017/160016", "correlationVector":"aZXwj12LyzNw8tJoxFbn77.20","action":"GetUpdates", "result":"DeleteReceived", "context":{"id":"1916bd61-cec4-4d45-95fb-3627dedad821", "isDeleted:":"true", "version":"1721987492501"}}
{"logTime": "1017/160016", "correlationVector":"aZXwj12LyzNw8tJoxFbn77.21","action":"GetUpdates", "result":"DeleteReceived", "context":{"id":"724ba860-2e06-4f7e-a267-30d1e93b4cbf", "isDeleted:":"true", "version":"1722107852844"}}
{"logTime": "1017/160016", "correlationVector":"aZXwj12LyzNw8tJoxFbn77.22","action":"GetUpdates", "result":"DeleteReceived", "context":{"id":"8956ae0d-5825-4db7-850e-70982427e75f", "isDeleted:":"true", "version":"1722111756915"}}
{"logTime": "1017/160016", "correlationVector":"aZXwj12LyzNw8tJoxFbn77.23","action":"GetUpdates", "result":"DeleteReceived", "context":{"id":"f1396d82-e3e7-44c7-a015-e9e54fb818fc", "isDeleted:":"true", "version":"1722165636013"}}
{"logTime": "1017/160016", "correlationVector":"aZXwj12LyzNw8tJoxFbn77.24","action":"GetUpdates", "result":"DeleteReceived", "context":{"id":"4c23fd23-5198-4381-bcda-d9e1184cf37c", "isDeleted:":"true", "version":"1722177937334"}}
{"logTime": "1017/160016", "correlationVector":"aZXwj12LyzNw8tJoxFbn77.25","action":"GetUpdates", "result":"DeleteReceived", "context":{"id":"af89c8da-98b7-4f48-852b-7e5052e7ff22", "isDeleted:":"true", "version":"1722181835499"}}
{"logTime": "1017/160016", "correlationVector":"aZXwj12LyzNw8tJoxFbn77.26","action":"GetUpdates", "result":"DeleteReceived", "context":{"id":"e6695950-721f-41d4-8ee8-49f310ada328", "isDeleted:":"true", "version":"1722181835500"}}
{"logTime": "1017/160016", "correlationVector":"aZXwj12LyzNw8tJoxFbn77.27","action":"GetUpdates", "result":"DeleteReceived", "context":{"id":"9e756f3f-2cd8-4ddf-8858-0761f04b8ff9", "isDeleted:":"true", "version":"1722181835501"}}
{"logTime": "1017/160016", "correlationVector":"aZXwj12LyzNw8tJoxFbn77.28","action":"GetUpdates", "result":"DeleteReceived", "context":{"id":"6bdccd77-ef13-4f04-bb9c-d70554bd1949", "isDeleted:":"true", "version":"1722597223030"}}
{"logTime": "1017/160016", "correlationVector":"aZXwj12LyzNw8tJoxFbn77.29","action":"GetUpdates", "result":"DeleteReceived", "context":{"id":"faffdd55-2fdc-4f28-9b93-dd15635df452", "isDeleted:":"true", "version":"1722624920605"}}
{"logTime": "1017/160016", "correlationVector":"aZXwj12LyzNw8tJoxFbn77.30","action":"GetUpdates", "result":"DeleteReceived", "context":{"id":"d886a20d-7ebf-4fbf-b2f5-d3e10a7fe8cc", "isDeleted:":"true", "version":"1722642281993"}}
{"logTime": "1017/160016", "correlationVector":"aZXwj12LyzNw8tJoxFbn77.31","action":"GetUpdates", "result":"DeleteReceived", "context":{"id":"999b054a-19bf-419d-b85c-0f9cc3b7f503", "isDeleted:":"true", "version":"1722992986580"}}
{"logTime": "1017/160016", "correlationVector":"aZXwj12LyzNw8tJoxFbn77.32","action":"GetUpdates", "result":"DeleteReceived", "context":{"id":"21700cde-5458-48ad-8a0f-14eee5bff4ce", "isDeleted:":"true", "version":"1723005850216"}}
{"logTime": "1017/160016", "correlationVector":"aZXwj12LyzNw8tJoxFbn77.33","action":"GetUpdates", "result":"DeleteReceived", "context":{"id":"8d750ff0-d101-408c-bdb0-059150b6d898", "isDeleted:":"true", "version":"1723079133368"}}
{"logTime": "1017/160016", "correlationVector":"aZXwj12LyzNw8tJoxFbn77.34","action":"GetUpdates", "result":"DeleteReceived", "context":{"id":"a499d5f8-ff1c-4f01-a285-e35306447e59", "isDeleted:":"true", "version":"1723170902162"}}
{"logTime": "1017/160016", "correlationVector":"aZXwj12LyzNw8tJoxFbn77.35","action":"GetUpdates", "result":"DeleteReceived", "context":{"id":"a7447c33-4b23-4e2f-9e28-a3b3788f11bb", "isDeleted:":"true", "version":"1723176576717"}}
{"logTime": "1017/160016", "correlationVector":"aZXwj12LyzNw8tJoxFbn77.36","action":"GetUpdates", "result":"DeleteReceived", "context":{"id":"665724c1-0011-4c59-a5c6-d04bca71bcac", "isDeleted:":"true", "version":"1723206024218"}}
{"logTime": "1017/160016", "correlationVector":"aZXwj12LyzNw8tJoxFbn77.37","action":"GetUpdates", "result":"DeleteReceived", "context":{"id":"f7fcc8b9-b88b-49db-ac99-1ae60acf4fc9", "isDeleted:":"true", "version":"1723248804352"}}
{"logTime": "1017/160016", "correlationVector":"aZXwj12LyzNw8tJoxFbn77.38","action":"GetUpdates", "result":"DeleteReceived", "context":{"id":"27dacc22-5e24-4f64-a4fa-fe8c401c9001", "isDeleted:":"true", "version":"1723248804353"}}
{"logTime": "1017/160016", "correlationVector":"aZXwj12LyzNw8tJoxFbn77.39","action":"GetUpdates", "result":"DeleteReceived", "context":{"id":"62631d51-97ed-48e9-b6d9-d72de732ed8f", "isDeleted:":"true", "version":"1723248804354"}}
{"logTime": "1017/160016", "correlationVector":"aZXwj12LyzNw8tJoxFbn77.40","action":"GetUpdates", "result":"DeleteReceived", "context":{"id":"647a03d7-4ca1-4ab0-b674-0a726f3395f5", "isDeleted:":"true", "version":"1723444538930"}}
{"logTime": "1017/160016", "correlationVector":"aZXwj12LyzNw8tJoxFbn77.41","action":"GetUpdates", "result":"DeleteReceived", "context":{"id":"b89da666-3e8f-490b-a8a5-deeb218510a2", "isDeleted:":"true", "version":"1723444838250"}}
{"logTime": "1017/160016", "correlationVector":"aZXwj12LyzNw8tJoxFbn77.42","action":"GetUpdates", "result":"DeleteReceived", "context":{"id":"6ca6625f-a42b-4df1-805a-f7c76f4260ca", "isDeleted:":"true", "version":"1723450405401"}}
{"logTime": "1017/160016", "correlationVector":"aZXwj12LyzNw8tJoxFbn77.43","action":"GetUpdates", "result":"DeleteReceived", "context":{"id":"dd925b29-940e-495b-92b6-2b324a0e80c2", "isDeleted:":"true", "version":"1723450405402"}}
{"logTime": "1017/160016", "correlationVector":"aZXwj12LyzNw8tJoxFbn77.44","action":"GetUpdates", "result":"DeleteReceived", "context":{"id":"b8e78047-e2c6-421e-8b5c-eaa9a254637b", "isDeleted:":"true", "version":"1723450405404"}}
{"logTime": "1017/160016", "correlationVector":"aZXwj12LyzNw8tJoxFbn77.45","action":"GetUpdates", "result":"DeleteReceived", "context":{"id":"e29b13fc-1bc7-4e2c-b432-e7e0d846f5f2", "isDeleted:":"true", "version":"1723466646020"}}
{"logTime": "1017/160016", "correlationVector":"aZXwj12LyzNw8tJoxFbn77.46","action":"GetUpdates", "result":"DeleteReceived", "context":{"id":"5100495a-5f86-4885-a07e-fee48490f166", "isDeleted:":"true", "version":"1723608127486"}}
{"logTime": "1017/160016", "correlationVector":"aZXwj12LyzNw8tJoxFbn77.47","action":"GetUpdates", "result":"DeleteReceived", "context":{"id":"f3120e06-d1e8-458f-bb96-af40af7a1c71", "isDeleted:":"true", "version":"1723702698583"}}
{"logTime": "1017/160016", "correlationVector":"aZXwj12LyzNw8tJoxFbn77.48","action":"GetUpdates", "result":"DeleteReceived", "context":{"id":"d7e73494-c30f-4a92-b6b8-2ad3e8384d3a", "isDeleted:":"true", "version":"1723702772659"}}
{"logTime": "1017/160016", "correlationVector":"aZXwj12LyzNw8tJoxFbn77.49","action":"GetUpdates", "result":"DeleteReceived", "context":{"id":"7f09a01b-b6e9-4d4e-a678-64a839d14a94", "isDeleted:":"true", "version":"1723783002333"}}
{"logTime": "1017/160016", "correlationVector":"aZXwj12LyzNw8tJoxFbn77.50","action":"GetUpdates", "result":"DeleteReceived", "context":{"id":"8b368690-4ef5-4415-948e-ff482a9ff549", "isDeleted:":"true", "version":"1723783002335"}}
{"logTime": "1017/160016", "correlationVector":"aZXwj12LyzNw8tJoxFbn77.51","action":"GetUpdates", "result":"DeleteReceived", "context":{"id":"2108fd69-9aa8-4b68-9199-10c4a8a9091f", "isDeleted:":"true", "version":"1723786603129"}}
{"logTime": "1017/160016", "correlationVector":"aZXwj12LyzNw8tJoxFbn77.52","action":"GetUpdates", "result":"DeleteReceived", "context":{"id":"bc1572f5-4440-4aeb-9d2b-e60ada9b1e47", "isDeleted:":"true", "version":"1723786603130"}}
{"logTime": "1017/160016", "correlationVector":"aZXwj12LyzNw8tJoxFbn77.53","action":"GetUpdates", "result":"DeleteReceived", "context":{"id":"b98860de-58a4-4692-9338-73779c4b3c51", "isDeleted:":"true", "version":"1723786603131"}}
{"logTime": "1017/160016", "correlationVector":"aZXwj12LyzNw8tJoxFbn77.54","action":"GetUpdates", "result":"DeleteReceived", "context":{"id":"fea25178-9912-4a03-93af-3615f123b20b", "isDeleted:":"true", "version":"1723786603133"}}
{"logTime": "1017/160016", "correlationVector":"aZXwj12LyzNw8tJoxFbn77.55","action":"GetUpdates", "result":"DeleteReceived", "context":{"id":"652b8a46-cc1d-4482-8060-4b38ff57c766", "isDeleted:":"true", "version":"1724003352621"}}
{"logTime": "1017/160016", "correlationVector":"aZXwj12LyzNw8tJoxFbn77.56","action":"GetUpdates", "result":"DeleteReceived", "context":{"id":"14dee3bd-89df-436f-a937-101ef753d187", "isDeleted:":"true", "version":"1724005071059"}}
{"logTime": "1017/160016", "correlationVector":"aZXwj12LyzNw8tJoxFbn77.57","action":"GetUpdates", "result":"DeleteReceived", "context":{"id":"274931b4-a2fb-413d-90c7-c65ea737f789", "isDeleted:":"true", "version":"1724005071061"}}
{"logTime": "1017/160016", "correlationVector":"aZXwj12LyzNw8tJoxFbn77.58","action":"GetUpdates", "result":"DeleteReceived", "context":{"id":"df148051-f83a-461a-846d-b4b86bab1895", "isDeleted:":"true", "version":"1724005371205"}}
{"logTime": "1017/160016", "correlationVector":"aZXwj12LyzNw8tJoxFbn77.59","action":"GetUpdates", "result":"DeleteReceived", "context":{"id":"466513cf-51d5-4c16-bcc9-b2cb68bb795a", "isDeleted:":"true", "version":"1724082906245"}}
{"logTime": "1017/160016", "correlationVector":"aZXwj12LyzNw8tJoxFbn77.60","action":"GetUpdates", "result":"DeleteReceived", "context":{"id":"5a02cad4-5112-488e-847a-9216af01ba45", "isDeleted:":"true", "version":"1724082906247"}}
{"logTime": "1017/160016", "correlationVector":"aZXwj12LyzNw8tJoxFbn77.61","action":"GetUpdates", "result":"DeleteReceived", "context":{"id":"a28f8772-d581-4004-87e8-2e9dd5f1caec", "isDeleted:":"true", "version":"1724126778320"}}
{"logTime": "1017/160016", "correlationVector":"aZXwj12LyzNw8tJoxFbn77.62","action":"GetUpdates", "result":"DeleteReceived", "context":{"id":"b8529315-06b8-4607-a232-a32f9c8f2289", "isDeleted:":"true", "version":"1724126778321"}}
{"logTime": "1017/160016", "correlationVector":"aZXwj12LyzNw8tJoxFbn77.63","action":"GetUpdates", "result":"DeleteReceived", "context":{"id":"70e34edc-6e65-4ef1-8525-3dd64a1ddd59", "isDeleted:":"true", "version":"1724479441846"}}
{"logTime": "1017/160016", "correlationVector":"aZXwj12LyzNw8tJoxFbn77.64","action":"GetUpdates", "result":"DeleteReceived", "context":{"id":"969d2807-28fd-42df-a1e7-7cf15e680c01", "isDeleted:":"true", "version":"1724901260926"}}
{"logTime": "1017/160016", "correlationVector":"aZXwj12LyzNw8tJoxFbn77.65","action":"GetUpdates", "result":"DeleteReceived", "context":{"id":"de6fcd97-e977-4e92-bd06-6d4a4bdc462f", "isDeleted:":"true", "version":"1725024319946"}}
{"logTime": "1017/160016", "correlationVector":"aZXwj12LyzNw8tJoxFbn77.66","action":"GetUpdates", "result":"DeleteReceived", "context":{"id":"824f3b5e-8027-4123-afca-696bd84f8035", "isDeleted:":"true", "version":"1725365184443"}}
{"logTime": "1017/160016", "correlationVector":"aZXwj12LyzNw8tJoxFbn77.67","action":"GetUpdates", "result":"DeleteReceived", "context":{"id":"499830d0-9067-4b97-91be-94c5796cc9d7", "isDeleted:":"true", "version":"1726829938386"}}
{"logTime": "1017/160016", "correlationVector":"aZXwj12LyzNw8tJoxFbn77.68","action":"GetUpdates", "result":"DeleteReceived", "context":{"id":"96705309-10dd-466f-b7fc-a69042c357cf", "isDeleted:":"true", "version":"1726862920065"}}
{"logTime": "1017/160016", "correlationVector":"aZXwj12LyzNw8tJoxFbn77.69","action":"GetUpdates", "result":"DeleteReceived", "context":{"id":"761b27a0-2737-43bd-9bb5-8211244ea089", "isDeleted:":"true", "version":"1726995451171"}}
{"logTime": "1017/160016", "correlationVector":"aZXwj12LyzNw8tJoxFbn77.70","action":"GetUpdates", "result":"DeleteReceived", "context":{"id":"21cccac7-464a-40e3-878d-95e078df9493", "isDeleted:":"true", "version":"1727116084669"}}
{"logTime": "1017/160016", "correlationVector":"aZXwj12LyzNw8tJoxFbn77.71","action":"GetUpdates", "result":"DeleteReceived", "context":{"id":"434bbb0f-c6a0-46e7-8645-a4d665316a28", "isDeleted:":"true", "version":"1727188135623"}}
{"logTime": "1017/160016", "correlationVector":"aZXwj12LyzNw8tJoxFbn77.72","action":"GetUpdates", "result":"DeleteReceived", "context":{"id":"217a58df-34bf-429c-8999-604b4008c27e", "isDeleted:":"true", "version":"1727188135624"}}
{"logTime": "1017/160016", "correlationVector":"aZXwj12LyzNw8tJoxFbn77.73","action":"GetUpdates", "result":"DeleteReceived", "context":{"id":"8b560624-1e43-4a60-8c38-45056c328bce", "isDeleted:":"true", "version":"1727710325943"}}
{"logTime": "1017/160016", "correlationVector":"aZXwj12LyzNw8tJoxFbn77.74","action":"GetUpdates", "result":"DeleteReceived", "context":{"id":"ffb31e3a-9e44-46fa-bc39-c438b3c686fe", "isDeleted:":"true", "version":"1727715508704"}}
{"logTime": "1017/160016", "correlationVector":"aZXwj12LyzNw8tJoxFbn77.75","action":"GetUpdates", "result":"DeleteReceived", "context":{"id":"3190431e-af6d-46a7-8413-bd333a4e61f9", "isDeleted:":"true", "version":"1727717444624"}}
{"logTime": "1017/160016", "correlationVector":"aZXwj12LyzNw8tJoxFbn77.76","action":"GetUpdates", "result":"DeleteReceived", "context":{"id":"7ae90e82-84af-45b7-a0a1-df2fec1134e6", "isDeleted:":"true", "version":"1727717498160"}}
{"logTime": "1017/160016", "correlationVector":"aZXwj12LyzNw8tJoxFbn77.77","action":"GetUpdates", "result":"DeleteReceived", "context":{"id":"95ded20d-9642-41b4-9b51-c8041f25992d", "isDeleted:":"true", "version":"1727717699479"}}
{"logTime": "1017/160016", "correlationVector":"aZXwj12LyzNw8tJoxFbn77.78","action":"GetUpdates", "result":"DeleteReceived", "context":{"id":"f3bd85ed-0297-4dbb-9acf-87b908de16bf", "isDeleted:":"true", "version":"1727717962038"}}
{"logTime": "1017/160016", "correlationVector":"aZXwj12LyzNw8tJoxFbn77.79","action":"GetUpdates", "result":"DeleteReceived", "context":{"id":"6d8e1c0f-5a5e-4058-9f79-a61efb2c21bb", "isDeleted:":"true", "version":"1727717962039"}}
{"logTime": "1017/160016", "correlationVector":"aZXwj12LyzNw8tJoxFbn77.80","action":"GetUpdates", "result":"DeleteReceived", "context":{"id":"42cabe23-a8e3-456c-b4aa-a4eabc7e6bfe", "isDeleted:":"true", "version":"1727729493969"}}
{"logTime": "1017/160016", "correlationVector":"aZXwj12LyzNw8tJoxFbn77.81","action":"GetUpdates", "result":"DeleteReceived", "context":{"id":"51a6e55e-f052-47b9-9753-29a398c6827e", "isDeleted:":"true", "version":"1727771956002"}}
{"logTime": "1017/160016", "correlationVector":"aZXwj12LyzNw8tJoxFbn77.82","action":"GetUpdates", "result":"DeleteReceived", "context":{"id":"b36816f5-b0e0-414c-987f-83539fcc3774", "isDeleted:":"true", "version":"1727776132104"}}
{"logTime": "1017/160016", "correlationVector":"aZXwj12LyzNw8tJoxFbn77.83","action":"GetUpdates", "result":"DeleteReceived", "context":{"id":"ad11621c-b717-471f-9a42-622066eae227", "isDeleted:":"true", "version":"1727783585716"}}
{"logTime": "1017/160016", "correlationVector":"aZXwj12LyzNw8tJoxFbn77.84","action":"GetUpdates", "result":"DeleteReceived", "context":{"id":"136c095b-862e-4cb8-9829-989af97942aa", "isDeleted:":"true", "version":"1727783775529"}}
{"logTime": "1017/160016", "correlationVector":"aZXwj12LyzNw8tJoxFbn77.85","action":"GetUpdates", "result":"DeleteReceived", "context":{"id":"dd5e1f10-d25a-4273-ac7c-020d28312c5f", "isDeleted:":"true", "version":"1727783985139"}}
{"logTime": "1017/160016", "correlationVector":"aZXwj12LyzNw8tJoxFbn77.86","action":"GetUpdates", "result":"DeleteReceived", "context":{"id":"4f962e2b-ba29-4408-9f9b-07e2eef2ae0a", "isDeleted:":"true", "version":"1727784230236"}}
{"logTime": "1017/160016", "correlationVector":"aZXwj12LyzNw8tJoxFbn77.87","action":"GetUpdates", "result":"DeleteReceived", "context":{"id":"168c7dd7-5549-4eca-aeb0-d020c7058835", "isDeleted:":"true", "version":"1727784490766"}}
{"logTime": "1017/160016", "correlationVector":"aZXwj12LyzNw8tJoxFbn77.88","action":"GetUpdates", "result":"DeleteReceived", "context":{"id":"91bca964-4b4c-4e21-81e0-df80f8335887", "isDeleted:":"true", "version":"1727785342675"}}
{"logTime": "1017/160016", "correlationVector":"aZXwj12LyzNw8tJoxFbn77.89","action":"GetUpdates", "result":"DeleteReceived", "context":{"id":"ddad32f1-ed22-4f2f-98db-05dcc19e23f7", "isDeleted:":"true", "version":"1727787140865"}}
{"logTime": "1017/160016", "correlationVector":"aZXwj12LyzNw8tJoxFbn77.90","action":"GetUpdates", "result":"DeleteReceived", "context":{"id":"412b4aae-5ee9-42f2-84da-b9f21b340e23", "isDeleted:":"true", "version":"1727787140866"}}
{"logTime": "1017/160016", "correlationVector":"aZXwj12LyzNw8tJoxFbn77.91","action":"GetUpdates", "result":"DeleteReceived", "context":{"id":"f5a9f542-b0a8-4ed8-9cbb-8fbc0058ebc1", "isDeleted:":"true", "version":"1727787140867"}}
{"logTime": "1017/160016", "correlationVector":"aZXwj12LyzNw8tJoxFbn77.92","action":"GetUpdates", "result":"DeleteReceived", "context":{"id":"478a5106-74b2-4c33-b784-869f8ad4546a", "isDeleted:":"true", "version":"1727789515018"}}
{"logTime": "1017/160016", "correlationVector":"aZXwj12LyzNw8tJoxFbn77.93","action":"GetUpdates", "result":"DeleteReceived", "context":{"id":"ed951d46-c9d5-4538-b0bb-fdc887e28f86", "isDeleted:":"true", "version":"1727789515020"}}
{"logTime": "1017/160016", "correlationVector":"aZXwj12LyzNw8tJoxFbn77.94","action":"GetUpdates", "result":"DeleteReceived", "context":{"id":"368360a0-d6b6-436e-a667-89fbbef059fc", "isDeleted:":"true", "version":"1727801967287"}}
{"logTime": "1017/160016", "correlationVector":"aZXwj12LyzNw8tJoxFbn77.95","action":"GetUpdates", "result":"DeleteReceived", "context":{"id":"55f44e33-f944-4bdc-a63b-a4eb35698e80", "isDeleted:":"true", "version":"1727802044697"}}
{"logTime": "1017/160016", "correlationVector":"aZXwj12LyzNw8tJoxFbn77.96","action":"GetUpdates", "result":"DeleteReceived", "context":{"id":"94eee3a8-8e1e-40ea-b555-22bf7999a6d1", "isDeleted:":"true", "version":"1727802044698"}}
{"logTime": "1017/160016", "correlationVector":"aZXwj12LyzNw8tJoxFbn77.97","action":"GetUpdates", "result":"DeleteReceived", "context":{"id":"82b06a68-1c82-4c77-a8d7-c77b67b826b7", "isDeleted:":"true", "version":"1727806874750"}}
{"logTime": "1017/160016", "correlationVector":"aZXwj12LyzNw8tJoxFbn77.98","action":"GetUpdates", "result":"DeleteReceived", "context":{"id":"fd231df3-5e2a-402d-a00a-612bd51798bc", "isDeleted:":"true", "version":"1727806874752"}}
{"logTime": "1017/160016", "correlationVector":"aZXwj12LyzNw8tJoxFbn77.99","action":"GetUpdates", "result":"DeleteReceived", "context":{"id":"58d5ab20-d64e-4ae6-940c-6f19adaa7075", "isDeleted:":"true", "version":"1727806874754"}}
{"logTime": "1017/160016", "correlationVector":"aZXwj12LyzNw8tJoxFbn77.100","action":"GetUpdates", "result":"DeleteReceived", "context":{"id":"f24e974d-ef43-4fb5-830d-5aac7f963331", "isDeleted:":"true", "version":"1727818140884"}}
{"logTime": "1017/160016", "correlationVector":"aZXwj12LyzNw8tJoxFbn77.101","action":"GetUpdates", "result":"DeleteReceived", "context":{"id":"93da8873-a044-4d27-9c7d-41851c461b6a", "isDeleted:":"true", "version":"1727868252288"}}
{"logTime": "1017/160016", "correlationVector":"aZXwj12LyzNw8tJoxFbn77.102","action":"GetUpdates", "result":"DeleteReceived", "context":{"id":"13ed2543-63e8-4f44-981e-bef1d50924fd", "isDeleted:":"true", "version":"1727874044974"}}
{"logTime": "1017/160016", "correlationVector":"aZXwj12LyzNw8tJoxFbn77.103","action":"GetUpdates", "result":"DeleteReceived", "context":{"id":"8d00878f-e0f1-477a-a78f-c399427e98ef", "isDeleted:":"true", "version":"1727875704779"}}
{"logTime": "1017/160016", "correlationVector":"aZXwj12LyzNw8tJoxFbn77.104","action":"GetUpdates", "result":"DeleteReceived", "context":{"id":"a95d5bae-4204-496a-8e96-a7bc700f956f", "isDeleted:":"true", "version":"1727883063043"}}
{"logTime": "1017/160016", "correlationVector":"aZXwj12LyzNw8tJoxFbn77.105","action":"GetUpdates", "result":"DeleteReceived", "context":{"id":"38094827-f18a-4df7-903f-fc27ca2d86f5", "isDeleted:":"true", "version":"1727886774149"}}
{"logTime": "1017/160016", "correlationVector":"aZXwj12LyzNw8tJoxFbn77.106","action":"GetUpdates", "result":"DeleteReceived", "context":{"id":"9c1513b9-0dfd-48bd-bf39-0406f6749107", "isDeleted:":"true", "version":"1727888742163"}}
{"logTime": "1017/160016", "correlationVector":"aZXwj12LyzNw8tJoxFbn77.107","action":"GetUpdates", "result":"DeleteReceived", "context":{"id":"6dc1d11a-1474-4485-acf2-ad7a16523c13", "isDeleted:":"true", "version":"1727962274330"}}
{"logTime": "1017/160016", "correlationVector":"aZXwj12LyzNw8tJoxFbn77.108","action":"GetUpdates", "result":"DeleteReceived", "context":{"id":"96f851fb-05e4-48d6-a21d-470675fc0a19", "isDeleted:":"true", "version":"1727962274331"}}
{"logTime": "1017/160016", "correlationVector":"aZXwj12LyzNw8tJoxFbn77.109","action":"GetUpdates", "result":"DeleteReceived", "context":{"id":"20e1d71a-68c9-4b4b-b520-d52dcae41084", "isDeleted:":"true", "version":"1727965929924"}}
{"logTime": "1017/160016", "correlationVector":"aZXwj12LyzNw8tJoxFbn77.110","action":"GetUpdates", "result":"DeleteReceived", "context":{"id":"89fb80ca-af0a-4c51-9b74-84011992360b", "isDeleted:":"true", "version":"1727972387374"}}
{"logTime": "1017/160016", "correlationVector":"aZXwj12LyzNw8tJoxFbn77.111","action":"GetUpdates", "result":"DeleteReceived", "context":{"id":"5f17d465-55e2-444b-931b-305e84f9f363", "isDeleted:":"true", "version":"1727977403254"}}
{"logTime": "1017/160016", "correlationVector":"aZXwj12LyzNw8tJoxFbn77.112","action":"GetUpdates", "result":"DeleteReceived", "context":{"id":"3a1708eb-9f2f-48ca-bb38-cc54bde36f27", "isDeleted:":"true", "version":"1727977403256"}}
{"logTime": "1017/160016", "correlationVector":"aZXwj12LyzNw8tJoxFbn77.113","action":"GetUpdates", "result":"DeleteReceived", "context":{"id":"57495920-9401-4673-92ef-02c6d2a86c72", "isDeleted:":"true", "version":"1727977403257"}}
{"logTime": "1017/160016", "correlationVector":"aZXwj12LyzNw8tJoxFbn77.114","action":"GetUpdates", "result":"DeleteReceived", "context":{"id":"77d5e67a-d1a6-456c-af61-4087f56920fc", "isDeleted:":"true", "version":"1727997496953"}}
{"logTime": "1017/160016", "correlationVector":"aZXwj12LyzNw8tJoxFbn77.115","action":"GetUpdates", "result":"DeleteReceived", "context":{"id":"dc10195e-7a11-431c-b722-51429a600a6c", "isDeleted:":"true", "version":"1727997496954"}}
{"logTime": "1017/160016", "correlationVector":"aZXwj12LyzNw8tJoxFbn77.116","action":"GetUpdates", "result":"DeleteReceived", "context":{"id":"80ce696d-4a12-4f88-8a41-fcafd5c7c267", "isDeleted:":"true", "version":"1727997523927"}}
{"logTime": "1017/160016", "correlationVector":"aZXwj12LyzNw8tJoxFbn77.117","action":"GetUpdates", "result":"DeleteReceived", "context":{"id":"27b08c02-3c91-47ec-b27b-9d124eac9c59", "isDeleted:":"true", "version":"1728032115666"}}
{"logTime": "1017/160016", "correlationVector":"aZXwj12LyzNw8tJoxFbn77.118","action":"GetUpdates", "result":"DeleteReceived", "context":{"id":"8dc7f049-c534-461c-9360-9a288e42a005", "isDeleted:":"true", "version":"1728032115667"}}
{"logTime": "1017/160016", "correlationVector":"aZXwj12LyzNw8tJoxFbn77.119","action":"GetUpdates", "result":"DeleteReceived", "context":{"id":"cb62d845-f373-4a62-8fb1-a3017bf2d4b0", "isDeleted:":"true", "version":"1728034564185"}}
{"logTime": "1017/160016", "correlationVector":"aZXwj12LyzNw8tJoxFbn77.120","action":"GetUpdates", "result":"DeleteReceived", "context":{"id":"f2ed4991-1e29-4917-9b70-8aa4a7c7ca23", "isDeleted:":"true", "version":"1728040419361"}}
{"logTime": "1017/160016", "correlationVector":"aZXwj12LyzNw8tJoxFbn77.121","action":"GetUpdates", "result":"DeleteReceived", "context":{"id":"f7842fd2-ddb9-4cbd-bc9f-9dec0bb7bb5c", "isDeleted:":"true", "version":"1728040419362"}}
{"logTime": "1017/160016", "correlationVector":"aZXwj12LyzNw8tJoxFbn77.122","action":"GetUpdates", "result":"DeleteReceived", "context":{"id":"345f46a8-72b0-4901-a8dc-5f7fa6016863", "isDeleted:":"true", "version":"1728040419365"}}
{"logTime": "1017/160016", "correlationVector":"aZXwj12LyzNw8tJoxFbn77.123","action":"GetUpdates", "result":"DeleteReceived", "context":{"id":"57c38ed3-ef38-4a17-afb7-4db43f2920fd", "isDeleted:":"true", "version":"1728040419366"}}
{"logTime": "1017/160016", "correlationVector":"aZXwj12LyzNw8tJoxFbn77.124","action":"GetUpdates", "result":"DeleteReceived", "context":{"id":"8da7b88d-1b54-4472-9abf-fd1f31a69715", "isDeleted:":"true", "version":"1728044020160"}}
{"logTime": "1017/160016", "correlationVector":"aZXwj12LyzNw8tJoxFbn77.125","action":"GetUpdates", "result":"DeleteReceived", "context":{"id":"3a21b19d-3078-4112-8c08-06591f6c90f3", "isDeleted:":"true", "version":"1728044020161"}}
{"logTime": "1017/160016", "correlationVector":"aZXwj12LyzNw8tJoxFbn77.126","action":"GetUpdates", "result":"DeleteReceived", "context":{"id":"902e2b89-a088-48bd-9579-35d83c1aa64f", "isDeleted:":"true", "version":"1728062248498"}}
{"logTime": "1017/160016", "correlationVector":"aZXwj12LyzNw8tJoxFbn77.127","action":"GetUpdates", "result":"DeleteReceived", "context":{"id":"5c81ca61-4896-4c21-8b39-de163dd48ccb", "isDeleted:":"true", "version":"1728075132318"}}
{"logTime": "1017/160016", "correlationVector":"aZXwj12LyzNw8tJoxFbn77.128","action":"GetUpdates", "result":"DeleteReceived", "context":{"id":"8a403cda-be9d-448e-858a-e1fbe1332052", "isDeleted:":"true", "version":"1728079616052"}}
{"logTime": "1017/160016", "correlationVector":"aZXwj12LyzNw8tJoxFbn77.129","action":"GetUpdates", "result":"DeleteReceived", "context":{"id":"d1f6e97d-9498-4024-b206-64d42c3d9a7c", "isDeleted:":"true", "version":"1728210566229"}}
{"logTime": "1017/160016", "correlationVector":"aZXwj12LyzNw8tJoxFbn77.130","action":"GetUpdates", "result":"DeleteReceived", "context":{"id":"36e11ed6-31e1-438b-a0b3-092559d7d0e1", "isDeleted:":"true", "version":"1728267788206"}}
{"logTime": "1017/160016", "correlationVector":"aZXwj12LyzNw8tJoxFbn77.131","action":"GetUpdates", "result":"DeleteReceived", "context":{"id":"cde133b5-1ebe-4250-932d-6ce18617e57f", "isDeleted:":"true", "version":"1728857189679"}}
{"logTime": "1017/160016", "correlationVector":"aZXwj12LyzNw8tJoxFbn77.132","action":"GetUpdates", "result":"DeleteReceived", "context":{"id":"4f599484-6198-40ad-bc95-9c4ffe3485f2", "isDeleted:":"true", "version":"1728865576339"}}
{"logTime": "1017/160016", "correlationVector":"aZXwj12LyzNw8tJoxFbn77.133","action":"GetUpdates", "result":"DeleteReceived", "context":{"id":"54789b20-527a-422a-a383-9791a4d5e9cf", "isDeleted:":"true", "version":"1728865576340"}}
{"logTime": "1017/160016", "correlationVector":"aZXwj12LyzNw8tJoxFbn77.134","action":"GetUpdates", "result":"DeleteReceived", "context":{"id":"e647f95e-fd25-46df-84ee-c19755c839ec", "isDeleted:":"true", "version":"1728907092028"}}
{"logTime": "1017/160016", "correlationVector":"aZXwj12LyzNw8tJoxFbn77.135","action":"GetUpdates", "result":"DeleteReceived", "context":{"id":"006c326a-2ae1-47aa-9b4b-85631319aa5d", "isDeleted:":"true", "version":"1729090810693"}}
{"logTime": "1017/160016", "correlationVector":"aZXwj12LyzNw8tJoxFbn77.136","action":"GetUpdates Response", "result":"Success", "context":Received 184 update(s). cV=aZXwj12LyzNw8tJoxFbn77.0;server=GENERAL0100000P;cloudType=Consumer;environment=Prod_SoutheastAsia_000j;migrationStage=NotStarted}
{"logTime": "1017/160016", "correlationVector":"7e/7YwWastIvtGKBwR2UvC","action":"Normal GetUpdate request", "result":"", "context":cV=7e/7YwWastIvtGKBwR2UvC
Nudged types: Sessions, Device Info, User Consents
Refresh requested types: Bookmarks, Preferences, Passwords, Autofill Profiles, Autofill, Typed URLs, Extensions, Sessions, Extension settings, History Delete Directives, Device Info, User Consents, Send Tab To Self, Web Apps, Collection, Edge E Drop, Edge Hub App Usage, Edge Tab Group, Edge Wallet, Encryption Keys}
{"logTime": "1017/160016", "correlationVector":"7e/7YwWastIvtGKBwR2UvC.1","action":"SyncServerConnectionManagerRequest", "result":"SYNC_SERVER_OK", "context":{"environment":"Prod_SoutheastAsia_000j", "migrationStage":"NotStarted", "server":"GENERAL01000007"}}
{"logTime": "1017/160016", "correlationVector":"7e/7YwWastIvtGKBwR2UvC.2","action":"GetUpdates Response", "result":"Success", "context":Received 0 update(s). cV=7e/7YwWastIvtGKBwR2UvC.0;server=GENERAL01000007;cloudType=Consumer;environment=Prod_SoutheastAsia_000j;migrationStage=NotStarted}
{"logTime": "1017/160016", "correlationVector":"8GbC2YxuonZLHiKNUtUdxB","action":"DoCompareDataConsistency requsted types: ", "result":"Bookmarks, Preferences, Passwords, Typed URLs, Extensions, Extension settings, History Delete Directives, Send Tab To Self, Web Apps, Collection, Edge E Drop, Edge Tab Group, Edge Wallet, Encryption Keys"}
{"logTime": "1017/160016", "correlationVector":"8GbC2YxuonZLHiKNUtUdxB.0","action":"CompareDataConsistency result: ", "result":"Compare result: Encryption Keys is consistent. local entities count is: 1 local entities hash is: OFz9ulB/5ByHHl4eiEk50v+oINg="}
{"logTime": "1017/160016", "correlationVector":"8GbC2YxuonZLHiKNUtUdxB.1","action":"CompareDataConsistency result: ", "result":"Compare result: Bookmarks is consistent. local entities count is: 6 local entities hash is: oWpMK5ShGRjj7fbbMyPhhDhzwkk="}
{"logTime": "1017/160016", "correlationVector":"8GbC2YxuonZLHiKNUtUdxB.2","action":"CompareDataConsistency result: ", "result":"Compare result: Preferences is consistent. local entities count is: 47 local entities hash is: z2zgDe5emSIcUpbjOJB2xmo/CNY="}
{"logTime": "1017/160016", "correlationVector":"8GbC2YxuonZLHiKNUtUdxB.3","action":"CompareDataConsistency result: ", "result":"Server did not send this Typed URLs local entities count is: 10 local entities hash is: fxg50HnsAQfNooiVE24lHsfsyPQ="}
{"logTime": "1017/160016", "correlationVector":"8GbC2YxuonZLHiKNUtUdxB.4","action":"CompareDataConsistency result: ", "result":"Compare result: Extensions is consistent. local entities count is: 0 local entities hash is: "}
{"logTime": "1017/160016", "correlationVector":"8GbC2YxuonZLHiKNUtUdxB.5","action":"CompareDataConsistency result: ", "result":"Compare result: Extension settings is consistent. local entities count is: 0 local entities hash is: "}
{"logTime": "1017/160016", "correlationVector":"8GbC2YxuonZLHiKNUtUdxB.6","action":"CompareDataConsistency result: ", "result":"Compare result: History Delete Directives is consistent. local entities count is: 0 local entities hash is: "}
{"logTime": "1017/160016", "correlationVector":"8GbC2YxuonZLHiKNUtUdxB.7","action":"CompareDataConsistency result: ", "result":"Server did not send this Send Tab To Self local entities count is: 0 local entities hash is: "}
{"logTime": "1017/160016", "correlationVector":"8GbC2YxuonZLHiKNUtUdxB.8","action":"CompareDataConsistency result: ", "result":"Compare result: Web Apps is consistent. local entities count is: 0 local entities hash is: "}
{"logTime": "1017/160016", "correlationVector":"8GbC2YxuonZLHiKNUtUdxB.9","action":"CompareDataConsistency result: ", "result":"Compare result: Collection is consistent. local entities count is: 0 local entities hash is: "}
{"logTime": "1017/160016", "correlationVector":"8GbC2YxuonZLHiKNUtUdxB.10","action":"CompareDataConsistency result: ", "result":"Compare result: Edge E Drop is consistent. local entities count is: 0 local entities hash is: "}
{"logTime": "1017/160016", "correlationVector":"8GbC2YxuonZLHiKNUtUdxB.11","action":"CompareDataConsistency result: ", "result":"Compare result: Edge Tab Group is consistent. local entities count is: 0 local entities hash is: "}
{"logTime": "1017/160016", "correlationVector":"8GbC2YxuonZLHiKNUtUdxB.12","action":"CompareDataConsistency result: ", "result":"Compare result: Edge Wallet is consistent. local entities count is: 0 local entities hash is: "}
{"logTime": "1017/160016", "correlationVector":"8GbC2YxuonZLHiKNUtUdxB.13","action":"CompareDataConsistency result: ", "result":"Compare result: Passwords is consistent. local entities count is: 4 local entities hash is: uFv+NK8AngwdSwZDJ1oz4esoVPU="}
{"logTime": "1017/160016", "correlationVector":"HHwLaTfBKLQtLl+1UFPyou","action":"Commit Request", "result":"", "context":Item count: 5
Contributing types: Sessions, Device Info, User Consents}
{"logTime": "1017/160017", "correlationVector":"HHwLaTfBKLQtLl+1UFPyou.1","action":"SyncServerConnectionManagerRequest", "result":"SYNC_SERVER_OK", "context":{"environment":"Prod_SoutheastAsia_000j", "migrationStage":"NotStarted", "server":"GENERAL01000015"}}
{"logTime": "1017/160017", "correlationVector":"HHwLaTfBKLQtLl+1UFPyou.2","action":"Commit Response", "result":"Success", "context":Result: Success. cV=HHwLaTfBKLQtLl+1UFPyou.0;server=GENERAL01000015;cloudType=Consumer;environment=Prod_SoutheastAsia_000j;migrationStage=NotStarted}
{"logTime": "1017/160017", "correlationVector":"","action":"DIAGNOSTIC_REQUEST|v1/diagnosticData/Diagnostic.SendCheckResult()|SUCCESS", "result":""}
{"logTime": "1017/160017", "correlationVector":"3LqQI0h1yUaHVetYoFa7tH","action":"Normal GetUpdate request", "result":"", "context":cV=3LqQI0h1yUaHVetYoFa7tH
Nudged types: Sessions, Device Info}
{"logTime": "1017/160018", "correlationVector":"3LqQI0h1yUaHVetYoFa7tH.1","action":"SyncServerConnectionManagerRequest", "result":"SYNC_SERVER_OK", "context":{"environment":"Prod_SoutheastAsia_000j", "migrationStage":"NotStarted", "server":"GENERAL01000013"}}
{"logTime": "1017/160018", "correlationVector":"3LqQI0h1yUaHVetYoFa7tH.2","action":"GetUpdates Response", "result":"Success", "context":Received 3 update(s). cV=3LqQI0h1yUaHVetYoFa7tH.0;server=GENERAL01000013;cloudType=Consumer;environment=Prod_SoutheastAsia_000j;migrationStage=NotStarted}
{"logTime": "1017/160019", "correlationVector":"sjcbYe+YUF2XUFGIERhBAw","action":"Normal GetUpdate request", "result":"", "context":cV=sjcbYe+YUF2XUFGIERhBAw
Nudged types: Preferences, Passwords, Sessions}
{"logTime": "1017/160020", "correlationVector":"sjcbYe+YUF2XUFGIERhBAw.1","action":"SyncServerConnectionManagerRequest", "result":"SYNC_SERVER_OK", "context":{"environment":"Prod_SoutheastAsia_000j", "migrationStage":"NotStarted", "server":"GENERAL0100001C"}}
{"logTime": "1017/160020", "correlationVector":"sjcbYe+YUF2XUFGIERhBAw.2","action":"GetUpdates Response", "result":"Success", "context":Received 0 update(s). cV=sjcbYe+YUF2XUFGIERhBAw.0;server=GENERAL0100001C;cloudType=Consumer;environment=Prod_SoutheastAsia_000j;migrationStage=NotStarted}
{"logTime": "1017/160020", "correlationVector":"j7igCBN5qdXOAzAUzD3oDf","action":"Commit Request", "result":"", "context":Item count: 4
Contributing types: Preferences, Passwords, Sessions}
{"logTime": "1017/160020", "correlationVector":"j7igCBN5qdXOAzAUzD3oDf.1","action":"SyncServerConnectionManagerRequest", "result":"SYNC_SERVER_OK", "context":{"environment":"Prod_SoutheastAsia_000j", "migrationStage":"NotStarted", "server":"GENERAL0100000A"}}
{"logTime": "1017/160020", "correlationVector":"j7igCBN5qdXOAzAUzD3oDf.2","action":"Commit Response", "result":"Success", "context":Result: Success. cV=j7igCBN5qdXOAzAUzD3oDf.0;server=GENERAL0100000A;cloudType=Consumer;environment=Prod_SoutheastAsia_000j;migrationStage=NotStarted}
